<?xml version="1.0" encoding="UTF-8"?>
<!-- Generated by org.testng.reporters.JUnitReportReporter -->
<testsuite skipped="0" hostname="DESKTOP-MDL1HV2" name="Apparel_Shoes.TC_05" tests="1" failures="0" timestamp="2023-01-22T20:18:24 IST" time="8.574" errors="0">
  <testcase name="Product" time="8.574" classname="Apparel_Shoes.TC_05"/>
  <system-out>
    <![CDATA[https://demowebshop.tricentis.com/50s-rockabilly-polka-dot-top-jr-plus-size
it is navigating to next when we clicks on product]]>
  </system-out>
</testsuite> <!-- Apparel_Shoes.TC_05 -->
