<?xml version="1.0" encoding="UTF-8"?>
<!-- Generated by org.testng.reporters.JUnitReportReporter -->
<testsuite skipped="0" hostname="DESKTOP-MDL1HV2" name="Apparel_Shoes.AddToCartButton06" tests="1" failures="0" timestamp="2023-01-22T20:19:58 IST" time="2.761" errors="0">
  <testcase name="AddToCart" time="2.761" classname="Apparel_Shoes.AddToCartButton06"/>
  <system-out>
    <![CDATA[notification is displayed]]>
  </system-out>
</testsuite> <!-- Apparel_Shoes.AddToCartButton06 -->
