<?xml version="1.0" encoding="UTF-8"?>
<!-- Generated by org.testng.reporters.JUnitReportReporter -->
<testsuite skipped="0" hostname="DESKTOP-MDL1HV2" name="Apparel_Shoes.TC_01Test" tests="1" failures="0" timestamp="2023-01-31T22:30:17 IST" time="4.146" errors="0">
  <testcase name="apperal_Shoes" time="4.146" classname="Apparel_Shoes.TC_01Test"/>
  <system-out>
    <![CDATA[navigating to apparel and shoes page]]>
  </system-out>
</testsuite> <!-- Apparel_Shoes.TC_01Test -->
