<?xml version="1.0" encoding="UTF-8"?>
<!-- Generated by org.testng.reporters.JUnitReportReporter -->
<testsuite skipped="0" hostname="DESKTOP-MDL1HV2" name="Apparel_Shoes.TC_04" tests="1" failures="0" timestamp="2023-01-31T22:28:32 IST" time="10.009" errors="0">
  <testcase name="Display" time="10.009" classname="Apparel_Shoes.TC_04"/>
  <system-out>
    <![CDATA[is Multi select dropdown is:false
dropdown working properly
dropdown working properly when selects 8
dropdown working properly when selects 12]]>
  </system-out>
</testsuite> <!-- Apparel_Shoes.TC_04 -->
