<?xml version="1.0" encoding="UTF-8"?>
<!-- Generated by org.testng.reporters.JUnitReportReporter -->
<testsuite skipped="0" hostname="DESKTOP-MDL1HV2" name="Apparel_Shoes.TC_03Test" tests="1" failures="0" timestamp="2023-01-31T22:26:01 IST" time="9.088" errors="0">
  <testcase name="viewAs" time="9.088" classname="Apparel_Shoes.TC_03Test"/>
  <system-out>
    <![CDATA[is Multi select dropdown is:false
viewAs Dropdown works properly when we selects List
viewAs Dropdown works properly when we selects Grid]]>
  </system-out>
</testsuite> <!-- Apparel_Shoes.TC_03Test -->
