<?xml version="1.0" encoding="UTF-8"?>
<!-- Generated by org.testng.reporters.JUnitReportReporter -->
<testsuite skipped="0" hostname="DESKTOP-MDL1HV2" name="Apparel_Shoes.TC_01" tests="1" failures="0" timestamp="2023-01-24T23:45:37 IST" time="4.918" errors="0">
  <testcase name="apperal_Shoes" time="4.918" classname="Apparel_Shoes.TC_01"/>
  <system-out>
    <![CDATA[navigating to apparel and shoes page]]>
  </system-out>
</testsuite> <!-- Apparel_Shoes.TC_01 -->
