<?xml version="1.0" encoding="UTF-8"?>
<!-- Generated by org.testng.reporters.JUnitReportReporter -->
<testsuite skipped="0" hostname="DESKTOP-MDL1HV2" name="Apparel_Shoes.CompareList08" tests="1" failures="0" timestamp="2023-01-22T20:28:21 IST" time="3.687" errors="0">
  <testcase name="CompareList" time="3.687" classname="Apparel_Shoes.CompareList08"/>
  <system-out>
    <![CDATA[https://demowebshop.tricentis.com/compareproducts
it is navigating to CompareList Page when we clicks on CompareList]]>
  </system-out>
</testsuite> <!-- Apparel_Shoes.CompareList08 -->
