<?xml version="1.0" encoding="UTF-8"?>
<!-- Generated by org.testng.reporters.JUnitReportReporter -->
<testsuite skipped="0" hostname="DESKTOP-MDL1HV2" name="Apparel_Shoes.Email09" tests="1" failures="0" timestamp="2023-01-22T20:30:31 IST" time="2.788" errors="0">
  <testcase name="Email" time="2.788" classname="Apparel_Shoes.Email09"/>
  <system-out>
    <![CDATA[https://demowebshop.tricentis.com/productemailafriend/5
it is navigating to CompareList Page when we clicks on Email a Friend button]]>
  </system-out>
</testsuite> <!-- Apparel_Shoes.Email09 -->
