<?xml version="1.0" encoding="UTF-8"?>
<!-- Generated by org.testng.reporters.JUnitReportReporter -->
<testsuite skipped="0" hostname="DESKTOP-MDL1HV2" name="Apparel_Shoes.TC_07" tests="1" failures="0" timestamp="2023-01-22T20:26:08 IST" time="3.414" errors="0">
  <testcase name="Wishlist" time="3.414" classname="Apparel_Shoes.TC_07"/>
  <system-out>
    <![CDATA[wishlist notification is displayed]]>
  </system-out>
</testsuite> <!-- Apparel_Shoes.TC_07 -->
